00000000  F4                hlt
00000001  E492              in al,0x92
00000003  0C02              or al,0x2
00000005  E692              out 0x92,al
00000007  31C0              xor eax,eax
00000009  8ED0              mov ss,eax
0000000B  BC01608ED8        mov esp,0xd88e6001
00000010  8EC0              mov es,eax
00000012  8EE0              mov fs,eax
00000014  8EE8              mov gs,eax
00000016  FC                cld
00000017  66BF0000          mov di,0x0
0000001B  0000              add [eax],al
0000001D  EB07              jmp short 0x26
0000001F  90                nop
00000020  0000              add [eax],al
00000022  0000              add [eax],al
00000024  0000              add [eax],al
00000026  57                push edi
00000027  66B90010          mov cx,0x1000
0000002B  0000              add [eax],al
0000002D  6631C0            xor ax,ax
00000030  FC                cld
00000031  F366AB            rep stosw
00000034  5F                pop edi
00000035  26668D8500106683  lea ax,[es:ebp-0x7c99f000]
0000003D  C8032666          enter 0x2603,0x66
00000041  890526668D85      mov [dword 0x858d6626],eax
00000047  0020              add [eax],ah
00000049  6683C803          or ax,byte +0x3
0000004D  2666898500102666  mov [es:ebp+0x66261000],ax
00000055  8D8500306683      lea eax,[ebp-0x7c99d000]
0000005B  C8032666          enter 0x2603,0x66
0000005F  89850020578D      mov [ebp-0x72a8e000],eax
00000065  BD003066B8        mov ebp,0xb8663000
0000006A  0300              add eax,[eax]
0000006C  0000              add [eax],al
0000006E  2666890566050010  mov [dword es:0x10000566],ax
00000076  0000              add [eax],al
00000078  83C708            add edi,byte +0x8
0000007B  663D0000          cmp ax,0x0
0000007F  2000              and [eax],al
00000081  72EB              jc 0x6e
00000083  5F                pop edi
00000084  B0FF              mov al,0xff
00000086  E6A1              out 0xa1,al
00000088  E621              out 0x21,al
0000008A  90                nop
0000008B  90                nop
0000008C  0F011E            lidt [esi]
0000008F  206066            and [eax+0x66],ah
00000092  B8A0000000        mov eax,0xa0
00000097  0F22E0            mov cr4,eax
0000009A  6689FA            mov dx,di
0000009D  0F22DA            mov cr3,edx
000000A0  66B98000          mov cx,0x80
000000A4  00C0              add al,al
000000A6  0F32              rdmsr
000000A8  660D0001          or ax,0x100
000000AC  0000              add [eax],al
000000AE  0F30              wrmsr
000000B0  0F20C3            mov ebx,cr0
000000B3  6681CB0100        or bx,0x1
000000B8  00800F22C30F      add [eax+0xfc3220f],al
000000BE  0116              add [esi],edx
000000C0  E260              loop 0x122
000000C2  EA586108000000    jmp 0x0:0x86158
000000C9  0000              add [eax],al
000000CB  0000              add [eax],al
000000CD  0000              add [eax],al
000000CF  0000              add [eax],al
000000D1  0000              add [eax],al
000000D3  009A20000000      add [edx+0x20],bl
000000D9  0000              add [eax],al
000000DB  009200009000      add [edx+0x900000],dl
000000E1  001A              add [edx],bl
000000E3  00C7              add bh,al
000000E5  60                pusha
000000E6  0000              add [eax],al
000000E8  A5                movsd
000000E9  1F                pop ds
000000EA  B11F              mov cl,0x1f
000000EC  AB                stosd
000000ED  1F                pop ds
000000EE  A7                cmpsd
000000EF  1F                pop ds
000000F0  9F                lahf
000000F1  1F                pop ds
000000F2  091F              or [edi],ebx
000000F4  B51F              mov ch,0x1f
000000F6  A31FD71F8F        mov [0x8f1fd71f],eax
000000FB  1F                pop ds
000000FC  B31F              mov bl,0x1f
000000FE  011F              add [edi],ebx
00000100  0B1F              or ebx,[edi]
00000102  0B1F              or ebx,[edi]
00000104  D7                xlatb
00000105  1F                pop ds
00000106  FD                std
00000107  1F                pop ds
00000108  F31F              rep pop ds
0000010A  C9                leave
0000010B  1F                pop ds
0000010C  D7                xlatb
0000010D  1F                pop ds
0000010E  A5                movsd
0000010F  1F                pop ds
00000110  B71F              mov bh,0x1f
00000112  8D1F              lea ebx,[edi]
00000114  D7                xlatb
00000115  1F                pop ds
00000116  99                cdq
00000117  1F                pop ds
00000118  191F              sbb [edi],ebx
0000011A  051FD71FB7        add eax,0xb71fd71f
0000011F  1F                pop ds
00000120  B51F              mov ch,0x1f
00000122  0F1FD7            hint_nop58 edi
00000125  1F                pop ds
00000126  B31F              mov bl,0x1f
00000128  011F              add [edi],ebx
0000012A  8F                db 0x8f
0000012B  1F                pop ds
0000012C  8F                db 0x8f
0000012D  1F                pop ds
0000012E  0B1F              or ebx,[edi]
00000130  851F              test [edi],ebx
00000132  A31FD71F0B        mov [0xb1fd71f],eax
00000137  1F                pop ds
00000138  A31FAB1F89        mov [0x891fab1f],eax
0000013D  1F                pop ds
0000013E  D7                xlatb
0000013F  1F                pop ds
00000140  011F              add [edi],ebx
00000142  D7                xlatb
00000143  1F                pop ds
00000144  DB1F              fistp dword [edi]
00000146  091F              or [edi],ebx
00000148  C3                ret
00000149  1F                pop ds
0000014A  93                xchg eax,ebx
0000014B  1F                pop ds
0000014C  0000              add [eax],al
0000014E  0000              add [eax],al
00000150  0000              add [eax],al
00000152  0000              add [eax],al
00000154  0000              add [eax],al
00000156  0000              add [eax],al
00000158  66B81000          mov ax,0x10
0000015C  8ED8              mov ds,eax
0000015E  8EC0              mov es,eax
00000160  8EE0              mov fs,eax
00000162  8EE8              mov gs,eax
00000164  8ED0              mov ss,eax
00000166  BF00800B00        mov edi,0xb8000
0000016B  B9F4010000        mov ecx,0x1f4
00000170  48                dec eax
00000171  B8201F201F        mov eax,0x1f201f20
00000176  201F              and [edi],bl
00000178  201F              and [edi],bl
0000017A  F348              rep dec eax
0000017C  AB                stosd
0000017D  BF00800B00        mov edi,0xb8000
00000182  48                dec eax
00000183  31C0              xor eax,eax
00000185  48                dec eax
00000186  31DB              xor ebx,ebx
00000188  48                dec eax
00000189  31C9              xor ecx,ecx
0000018B  48                dec eax
0000018C  31D2              xor edx,edx
0000018E  B245              mov dl,0x45
00000190  80CA6C            or dl,0x6c
00000193  B679              mov dh,0x79
00000195  80CE6B            or dh,0x6b
00000198  20F2              and dl,dh
0000019A  B600              mov dh,0x0
0000019C  48                dec eax
0000019D  BEE8600000        mov esi,0x60e8
000001A2  0000              add [eax],al
000001A4  0000              add [eax],al
000001A6  48                dec eax
000001A7  833C0600          cmp dword [esi+eax],byte +0x0
000001AB  7427              jz 0x1d4
000001AD  B904000000        mov ecx,0x4
000001B2  8A1C06            mov bl,[esi+eax]
000001B5  30D3              xor bl,dl
000001B7  D0EB              shr bl,1
000001B9  881C06            mov [esi+eax],bl
000001BC  48                dec eax
000001BD  83C002            add eax,byte +0x2
000001C0  E2F0              loop 0x1b2
000001C2  48                dec eax
000001C3  83E808            sub eax,byte +0x8
000001C6  48                dec eax
000001C7  8B0C06            mov ecx,[esi+eax]
000001CA  48                dec eax
000001CB  890C07            mov [edi+eax],ecx
000001CE  48                dec eax
000001CF  83C008            add eax,byte +0x8
000001D2  EBD2              jmp short 0x1a6
